<?xml version="1.0" encoding="UTF-8" standalone="no"?><testsuite errors="1" failures="0" name="Search by keyword" skipped="0" tests="1" time="2.02" timestamp="2023-04-06 01:28:36"><testcase name="Searching for a term"><error message="Cannot invoke &quot;Object.toString()&quot; because the return value of &quot;net.thucydides.core.webdriver.javascript.JavascriptExecutorFacade.executeScript(String)&quot; is null" type="java.lang.NullPointerException">Cannot invoke "Object.toString()" because the return value of "net.thucydides.core.webdriver.javascript.JavascriptExecutorFacade.executeScript(String)" is null</error><system-err>Cannot invoke "Object.toString()" because the return value of "net.thucydides.core.webdriver.javascript.JavascriptExecutorFacade.executeScript(String)" is null
starter.page.AbstractPage.evaluateJavascript(AbstractPage.java:33)
starter.page.AbstractPage.waitForPageToLoad(AbstractPage.java:24)
starter.stepdefinitions.SearchStepDefinitions.iOpenWikipediaPage(SearchStepDefinitions.java:33)
✽.I open the wikipedia page(file:///home/kage/P_Projects/serenity-cucumber-starter/src/test/resources/features/search/search_by_keyword.feature:11)
</system-err></testcase></testsuite>