<?xml version="1.0" encoding="UTF-8" standalone="no"?><testsuite errors="0" failures="0" name="Consumer Contact Form" skipped="0" tests="10" time="166.52" timestamp="2023-04-08 06:14:23"><testcase name="As a customer trying to submit a contact form, James does not select a question"/><testcase name="As a customer of Bugaboo, Ronnie submits a contact form"/><testcase name="As a customer of Bugaboo, Bruce enters invalid email"/><testcase name="As a customer of Bugaboo, Jared enters a mismatched email address"/><testcase name="As a customer of Bugaboo, Hernandez has a question that needs answering"/></testsuite>