<?xml version="1.0" encoding="UTF-8" standalone="no"?><testsuite errors="2" failures="0" name="Consumer Contact Form" skipped="0" tests="2" time="0.14" timestamp="2023-04-08 05:57:07"><testcase name="As a customer of Bugaboo, Ronnie submits a contact form"><error message="Unsupported driver type: drivers.linux" type="java.lang.IllegalArgumentException">Unsupported driver type: drivers.linux</error><system-err>Unsupported driver type: drivers.linux
io.cucumber.java.AbstractGlueDefinition.invokeMethod(AbstractGlueDefinition.java:47)
io.cucumber.java.JavaHookDefinition.execute(JavaHookDefinition.java:64)
io.cucumber.core.runner.CoreHookDefinition.execute(CoreHookDefinition.java:46)
io.cucumber.core.runner.HookDefinitionMatch.runStep(HookDefinitionMatch.java:21)
io.cucumber.core.runner.TestStep.executeStep(TestStep.java:84)
io.cucumber.core.runner.TestStep.run(TestStep.java:56)
io.cucumber.core.runner.TestCase.run(TestCase.java:78)
io.cucumber.core.runner.Runner.runPickle(Runner.java:75)
io.cucumber.core.runtime.CucumberExecutionContext.lambda$runTestCase$5(CucumberExecutionContext.java:130)
io.cucumber.core.runtime.RethrowingThrowableCollector.executeAndThrow(RethrowingThrowableCollector.java:23)
io.cucumber.core.runtime.CucumberExecutionContext.runTestCase(CucumberExecutionContext.java:130)
io.cucumber.junit.FeatureRunner.runChild(FeatureRunner.java:144)
io.cucumber.junit.FeatureRunner.runChild(FeatureRunner.java:28)
io.cucumber.junit.FeatureRunner.run(FeatureRunner.java:137)
io.cucumber.junit.CucumberSerenityBaseRunner.runChild(CucumberSerenityBaseRunner.java:330)
io.cucumber.junit.CucumberSerenityBaseRunner.runChild(CucumberSerenityBaseRunner.java:51)
</system-err></testcase><testcase name="As a customer of Bugaboo, Bruce enters invalid email"><error message="Unsupported driver type: drivers.linux" type="java.lang.IllegalArgumentException">Unsupported driver type: drivers.linux</error><system-err>Unsupported driver type: drivers.linux
io.cucumber.java.AbstractGlueDefinition.invokeMethod(AbstractGlueDefinition.java:47)
io.cucumber.java.JavaHookDefinition.execute(JavaHookDefinition.java:64)
io.cucumber.core.runner.CoreHookDefinition.execute(CoreHookDefinition.java:46)
io.cucumber.core.runner.HookDefinitionMatch.runStep(HookDefinitionMatch.java:21)
io.cucumber.core.runner.TestStep.executeStep(TestStep.java:84)
io.cucumber.core.runner.TestStep.run(TestStep.java:56)
io.cucumber.core.runner.TestCase.run(TestCase.java:78)
io.cucumber.core.runner.Runner.runPickle(Runner.java:75)
io.cucumber.core.runtime.CucumberExecutionContext.lambda$runTestCase$5(CucumberExecutionContext.java:130)
io.cucumber.core.runtime.RethrowingThrowableCollector.executeAndThrow(RethrowingThrowableCollector.java:23)
io.cucumber.core.runtime.CucumberExecutionContext.runTestCase(CucumberExecutionContext.java:130)
io.cucumber.junit.FeatureRunner.runChild(FeatureRunner.java:144)
io.cucumber.junit.FeatureRunner.runChild(FeatureRunner.java:28)
io.cucumber.junit.FeatureRunner.run(FeatureRunner.java:137)
io.cucumber.junit.CucumberSerenityBaseRunner.runChild(CucumberSerenityBaseRunner.java:330)
io.cucumber.junit.CucumberSerenityBaseRunner.runChild(CucumberSerenityBaseRunner.java:51)
</system-err></testcase></testsuite>